# comet.log
# jichi 2/17/2014
#
# These data are collected from jQuery.Atmosphere 2.1.2 on Firefox 27

# 1. Connect

Request URL: 	http://localhost:8080/push/topic?X-Atmosphere-tracking-id=0&X-Atmosphere-Framework=2.1.2-jquery&X-Atmosphere-Transport=long-polling&X-Cache-Date=0&Content-Type=application%2Fjson&X-atmo-protocol=true&_=1392762117053
Request Method: 	GET
Status Code: 	HTTP/1.1 200 OK
Request Headers 15:21:57.000
User-Agent:	Mozilla/5.0 (Macintosh; Intel Mac OS X 10.8; rv:27.0) Gecko/20100101 Firefox/27.0
Referer:	http://localhost:8080/topic
Host:	localhost:8080
Content-Type:	application/json
Connection:	keep-alive
Accept-Language:	en-US,en;q=0.5
Accept-Encoding:	gzip, deflate
Accept:	text/html,application/xhtml+xml,application/xml;q=0.9,*/*;q=0.8
Sent Cookie
lang:	ja
__utmz:	111872281.1390801569.1.1.utmcsr=(direct)|utmccn=(direct)|utmcmd=(none)
__utmc:	111872281
__utmb:	111872281.2.10.1392762094
__utma:	111872281.794258478.1390801569.1392746370.1392762094.93
Response Headers Δ3ms
X-Atmosphere-tracking-id:	5cfde568-cb2a-4a50-9c48-23d3e89438d1
Transfer-Encoding:	chunked
Server:	Apache-Coyote/1.1
Pragma:	no-cache
Expires:	-1
Date:	Tue, 18 Feb 2014 22:21:56 GMT
Cache-Control:	no-store, no-cache, must-revalidate
Response Body Δ0ms
5cfde568-cb2a-4a50-9c48-23d3e89438d1|1392762117065


# 2. Pop

Request URL: 	http://localhost:8080/push/topic?X-Atmosphere-tracking-id=5cfde568-cb2a-4a50-9c48-23d3e89438d1&X-Atmosphere-Framework=2.1.2-jquery&X-Atmosphere-Transport=long-polling&X-Cache-Date=0&Content-Type=application%2Fjson&X-atmo-protocol=true&_=1392762117074
Request Method: 	GET
Status Code: 	HTTP/1.1 200 OK
Request Headers 15:21:57.000
User-Agent:	Mozilla/5.0 (Macintosh; Intel Mac OS X 10.8; rv:27.0) Gecko/20100101 Firefox/27.0
Referer:	http://localhost:8080/topic
Host:	localhost:8080
Content-Type:	application/json
Connection:	keep-alive
Accept-Language:	en-US,en;q=0.5
Accept-Encoding:	gzip, deflate
Accept:	text/html,application/xhtml+xml,application/xml;q=0.9,*/*;q=0.8
Sent Cookie
lang:	ja
__utmz:	111872281.1390801569.1.1.utmcsr=(direct)|utmccn=(direct)|utmcmd=(none)
__utmc:	111872281
__utmb:	111872281.2.10.1392762094
__utma:	111872281.794258478.1390801569.1392746370.1392762094.93
Response Headers Δ3ms
X-Atmosphere-tracking-id:	5cfde568-cb2a-4a50-9c48-23d3e89438d1
Transfer-Encoding:	chunked
Server:	Apache-Coyote/1.1
Pragma:	no-cache
Expires:	-1
Date:	Tue, 18 Feb 2014 22:21:56 GMT
Cache-Control:	no-store, no-cache, must-revalidate
Response Body Δ12858ms
{"type":"count","data":"1"}

# 3. Close

Request URL: 	http://localhost:8080/push/topic?X-Atmosphere-Transport=close&X-Atmosphere-tracking-id=5cfde568-cb2a-4a50-9c48-23d3e89438d1&_=1392762116442
Request Method: 	GET
Status Code: 	HTTP/1.1 200 OK
Request Headers 15:25:23.000
X-Requested-With:	XMLHttpRequest
User-Agent:	Mozilla/5.0 (Macintosh; Intel Mac OS X 10.8; rv:27.0) Gecko/20100101 Firefox/27.0
Referer:	http://localhost:8080/game
Host:	localhost:8080
Connection:	keep-alive
Accept-Language:	en-US,en;q=0.5
Accept-Encoding:	gzip, deflate
Accept:	*/*
Sent Cookie
lang:	ja
__utmz:	111872281.1390801569.1.1.utmcsr=(direct)|utmccn=(direct)|utmcmd=(none)
__utmc:	111872281
__utmb:	111872281.2.10.1392762094
__utma:	111872281.794258478.1390801569.1392746370.1392762094.93
Response Headers Δ2ms
X-Atmosphere-tracking-id:	5cfde568-cb2a-4a50-9c48-23d3e89438d1
Server:	Apache-Coyote/1.1
Pragma:	no-cache
Expires:	-1
Date:	Tue, 18 Feb 2014 22:25:23 GMT
Content-Length:	0
Cache-Control:	no-store, no-cache, must-revalidate
No Response Body Δ0ms

# 3. Close

Request URL: 	http://localhost:8080/push/topic?X-Atmosphere-Transport=close&X-Atmosphere-tracking-id=5cfde568-cb2a-4a50-9c48-23d3e89438d1&_=1392762116443
Request Method: 	GET
Status Code: 	HTTP/1.1 200 OK
Request Headers 15:25:23.000
X-Requested-With:	XMLHttpRequest
User-Agent:	Mozilla/5.0 (Macintosh; Intel Mac OS X 10.8; rv:27.0) Gecko/20100101 Firefox/27.0
Referer:	http://localhost:8080/game
Host:	localhost:8080
Connection:	keep-alive
Accept-Language:	en-US,en;q=0.5
Accept-Encoding:	gzip, deflate
Accept:	*/*
Sent Cookie
lang:	ja
__utmz:	111872281.1390801569.1.1.utmcsr=(direct)|utmccn=(direct)|utmcmd=(none)
__utmc:	111872281
__utmb:	111872281.2.10.1392762094
__utma:	111872281.794258478.1390801569.1392746370.1392762094.93
Response Headers Δ1ms
X-Atmosphere-tracking-id:	5cfde568-cb2a-4a50-9c48-23d3e89438d1
Server:	Apache-Coyote/1.1
Pragma:	no-cache
Expires:	-1
Date:	Tue, 18 Feb 2014 22:25:23 GMT
Content-Length:	0
Cache-Control:	no-store, no-cache, must-revalidate
No Response Body Δ0ms

# Push

Request URL: 	http://localhost:8080/push/topic?X-Atmosphere-tracking-id=a7141a65-54b5-4cce-9d13-79d2e0d436ff&X-Atmosphere-Framework=2.1.2-jquery&X-Atmosphere-Transport=polling&X-Cache-Date=0&Content-Type=application%2Fjson&_=1392746953258
Request Method: 	POST
Status Code:

Request Headers 11:09:13.000
User-Agent:	Mozilla/5.0 (Macintosh; Intel Mac OS X 10.8; rv:27.0) Gecko/20100101 Firefox/27.0
Referer:	http://localhost:8080/topic
Pragma:	no-cache
Host:	localhost:8080
Content-Type:	application/json; charset=UTF-8
Content-Length:	6
Connection:	keep-alive
Cache-Control:	no-cache
Accept-Language:	en-US,en;q=0.5
Accept-Encoding:	gzip, deflate
Accept:	text/html,application/xhtml+xml,application/xml;q=0.9,*/*;q=0.8

Sent Cookie
lang:	ja
__utmz:	111872281.1390801569.1.1.utmcsr=(direct)|utmccn=(direct)|utmcmd=(none)
__utmc:	111872281
__utmb:	111872281.3.10.1392746370
__utma:	111872281.794258478.1390801569.1392744159.1392746370.92

Request Body
revive

# Reconnect

Request URL: 	http://localhost:8080/push/topic?X-Atmosphere-tracking-id=08a85b5f-a017-4b7d-9302-73ec284c645f&X-Atmosphere-Framework=2.1.2-jquery&X-Atmosphere-Transport=long-polling&X-Cache-Date=0&Content-Type=application%2Fjson&X-atmo-protocol=true&_=1392787104250
Request Method: 	GET
Status Code:
Request Headers 22:18:24.000
User-Agent:	Mozilla/5.0 (Macintosh; Intel Mac OS X 10.8; rv:27.0) Gecko/20100101 Firefox/27.0
Referer:	http://localhost:8080/topic
Host:	localhost:8080
Content-Type:	application/json
Connection:	keep-alive
Accept-Language:	en-US,en;q=0.5
Accept-Encoding:	gzip, deflate
Accept:	text/html,application/xhtml+xml,application/xml;q=0.9,*/*;q=0.8
Sent Cookie
lang:	ja
__utmz:	111872281.1390801569.1.1.utmcsr=(direct)|utmccn=(direct)|utmcmd=(none)
__utmc:	111872281
__utmb:	111872281.1.10.1392787088
__utma:	111872281.794258478.1390801569.1392768391.1392787088.96

# EOF
